{
  meta: {
    req: {
      url: '/',
      headers: {
        host: 'localhost:8000',
        connection: 'keep-alive',
        'cache-control': 'max-age=0',
        'sec-ch-ua': '"Not.A/Brand";v="8", "Chromium";v="114", "Google Chrome";v="114"',
        'sec-ch-ua-mobile': '?0',
        'sec-ch-ua-platform': '"Windows"',
        dnt: '1',
        'upgrade-insecure-requests': '1',
        'user-agent': 'Mozilla/5.0 (Windows NT 10.0; Win64; x64) AppleWebKit/537.36 (KHTML, like Gecko) Chrome/114.0.0.0 Safari/537.36',
        accept: 'text/html,application/xhtml+xml,application/xml;q=0.9,image/avif,image/webp,image/apng,*/*;q=0.8,application/signed-exchange;v=b3;q=0.7',
        'sec-fetch-site': 'none',
        'sec-fetch-mode': 'navigate',
        'sec-fetch-user': '?1',
        'sec-fetch-dest': 'document',
        'accept-encoding': 'gzip, deflate, br',
        'accept-language': 'en-GB,en;q=0.9,en-US;q=0.8,hi;q=0.7',
        cookie: '__stripe_mid=a80f8287-97fb-4f16-a083-9bc87ae405dca007e7'
      },
      method: 'GET',
      httpVersion: '1.1',
      originalUrl: '/',
      query: {}
    },
    res: { statusCode: 200 },
    responseTime: 3
  },
  level: 'info',
  message: 'HTTP GET /'
}
{
  meta: {
    req: {
      url: '/favicon.ico',
      headers: {
        host: 'localhost:8000',
        connection: 'keep-alive',
        'sec-ch-ua': '"Not.A/Brand";v="8", "Chromium";v="114", "Google Chrome";v="114"',
        dnt: '1',
        'sec-ch-ua-mobile': '?0',
        'user-agent': 'Mozilla/5.0 (Windows NT 10.0; Win64; x64) AppleWebKit/537.36 (KHTML, like Gecko) Chrome/114.0.0.0 Safari/537.36',
        'sec-ch-ua-platform': '"Windows"',
        accept: 'image/avif,image/webp,image/apng,image/svg+xml,image/*,*/*;q=0.8',
        'sec-fetch-site': 'same-origin',
        'sec-fetch-mode': 'no-cors',
        'sec-fetch-dest': 'image',
        referer: 'http://localhost:8000/',
        'accept-encoding': 'gzip, deflate, br',
        'accept-language': 'en-GB,en;q=0.9,en-US;q=0.8,hi;q=0.7',
        cookie: '__stripe_mid=a80f8287-97fb-4f16-a083-9bc87ae405dca007e7'
      },
      method: 'GET',
      httpVersion: '1.1',
      originalUrl: '/favicon.ico',
      query: {}
    },
    res: { statusCode: 404 },
    responseTime: 3
  },
  level: 'info',
  message: 'HTTP GET /favicon.ico'
}
{
  meta: {
    req: {
      url: '/results',
      headers: {
        host: 'localhost:8000',
        connection: 'keep-alive',
        'sec-ch-ua': '"Not.A/Brand";v="8", "Chromium";v="114", "Google Chrome";v="114"',
        'sec-ch-ua-mobile': '?0',
        'sec-ch-ua-platform': '"Windows"',
        dnt: '1',
        'upgrade-insecure-requests': '1',
        'user-agent': 'Mozilla/5.0 (Windows NT 10.0; Win64; x64) AppleWebKit/537.36 (KHTML, like Gecko) Chrome/114.0.0.0 Safari/537.36',
        accept: 'text/html,application/xhtml+xml,application/xml;q=0.9,image/avif,image/webp,image/apng,*/*;q=0.8,application/signed-exchange;v=b3;q=0.7',
        'sec-fetch-site': 'none',
        'sec-fetch-mode': 'navigate',
        'sec-fetch-user': '?1',
        'sec-fetch-dest': 'document',
        'accept-encoding': 'gzip, deflate, br',
        'accept-language': 'en-GB,en;q=0.9,en-US;q=0.8,hi;q=0.7',
        cookie: '__stripe_mid=a80f8287-97fb-4f16-a083-9bc87ae405dca007e7'
      },
      method: 'GET',
      httpVersion: '1.1',
      originalUrl: '/results',
      query: {}
    },
    res: { statusCode: 200 },
    responseTime: 2
  },
  level: 'info',
  message: 'HTTP GET /results'
}
{
  meta: {
    req: {
      url: '/reports?token=123',
      headers: {
        host: 'localhost:8000',
        connection: 'keep-alive',
        'sec-ch-ua': '"Not.A/Brand";v="8", "Chromium";v="114", "Google Chrome";v="114"',
        'sec-ch-ua-mobile': '?0',
        'sec-ch-ua-platform': '"Windows"',
        dnt: '1',
        'upgrade-insecure-requests': '1',
        'user-agent': 'Mozilla/5.0 (Windows NT 10.0; Win64; x64) AppleWebKit/537.36 (KHTML, like Gecko) Chrome/114.0.0.0 Safari/537.36',
        accept: 'text/html,application/xhtml+xml,application/xml;q=0.9,image/avif,image/webp,image/apng,*/*;q=0.8,application/signed-exchange;v=b3;q=0.7',
        'sec-fetch-site': 'none',
        'sec-fetch-mode': 'navigate',
        'sec-fetch-user': '?1',
        'sec-fetch-dest': 'document',
        'accept-encoding': 'gzip, deflate, br',
        'accept-language': 'en-GB,en;q=0.9,en-US;q=0.8,hi;q=0.7',
        cookie: '__stripe_mid=a80f8287-97fb-4f16-a083-9bc87ae405dca007e7'
      },
      method: 'GET',
      httpVersion: '1.1',
      originalUrl: '/reports?token=123',
      query: { token: '123' }
    },
    res: { statusCode: 200 },
    responseTime: 3
  },
  level: 'info',
  message: 'HTTP GET /reports?token=123'
}
{
  meta: {
    req: {
      url: '/reports?token=123',
      headers: {
        host: 'localhost:8000',
        connection: 'keep-alive',
        'cache-control': 'max-age=0',
        'sec-ch-ua': '"Not.A/Brand";v="8", "Chromium";v="114", "Google Chrome";v="114"',
        'sec-ch-ua-mobile': '?0',
        'sec-ch-ua-platform': '"Windows"',
        dnt: '1',
        'upgrade-insecure-requests': '1',
        'user-agent': 'Mozilla/5.0 (Windows NT 10.0; Win64; x64) AppleWebKit/537.36 (KHTML, like Gecko) Chrome/114.0.0.0 Safari/537.36',
        accept: 'text/html,application/xhtml+xml,application/xml;q=0.9,image/avif,image/webp,image/apng,*/*;q=0.8,application/signed-exchange;v=b3;q=0.7',
        'sec-fetch-site': 'none',
        'sec-fetch-mode': 'navigate',
        'sec-fetch-user': '?1',
        'sec-fetch-dest': 'document',
        'accept-encoding': 'gzip, deflate, br',
        'accept-language': 'en-GB,en;q=0.9,en-US;q=0.8,hi;q=0.7',
        cookie: '__stripe_mid=a80f8287-97fb-4f16-a083-9bc87ae405dca007e7',
        'if-none-match': 'W/"d-esFQYRnWYNusohXXSwdo4jjdxvo"'
      },
      method: 'GET',
      httpVersion: '1.1',
      originalUrl: '/reports?token=123',
      query: { token: '123' }
    },
    res: { statusCode: 304 },
    responseTime: 4
  },
  level: 'info',
  message: 'HTTP GET /reports?token=123'
}
{
  meta: {
    req: {
      url: '/reports?token=123',
      headers: {
        host: 'localhost:8000',
        connection: 'keep-alive',
        'cache-control': 'max-age=0',
        'sec-ch-ua': '"Not.A/Brand";v="8", "Chromium";v="114", "Google Chrome";v="114"',
        'sec-ch-ua-mobile': '?0',
        'sec-ch-ua-platform': '"Windows"',
        dnt: '1',
        'upgrade-insecure-requests': '1',
        'user-agent': 'Mozilla/5.0 (Windows NT 10.0; Win64; x64) AppleWebKit/537.36 (KHTML, like Gecko) Chrome/114.0.0.0 Safari/537.36',
        accept: 'text/html,application/xhtml+xml,application/xml;q=0.9,image/avif,image/webp,image/apng,*/*;q=0.8,application/signed-exchange;v=b3;q=0.7',
        'sec-fetch-site': 'none',
        'sec-fetch-mode': 'navigate',
        'sec-fetch-user': '?1',
        'sec-fetch-dest': 'document',
        'accept-encoding': 'gzip, deflate, br',
        'accept-language': 'en-GB,en;q=0.9,en-US;q=0.8,hi;q=0.7',
        cookie: '__stripe_mid=a80f8287-97fb-4f16-a083-9bc87ae405dca007e7',
        'if-none-match': 'W/"d-esFQYRnWYNusohXXSwdo4jjdxvo"'
      },
      method: 'GET',
      httpVersion: '1.1',
      originalUrl: '/reports?token=123',
      query: { token: '123' }
    },
    res: { statusCode: 304 },
    responseTime: 0
  },
  level: 'info',
  message: 'HTTP GET /reports?token=123'
}
{
  meta: {
    req: {
      url: '/reports?token=123',
      headers: {
        host: 'localhost:8000',
        connection: 'keep-alive',
        'cache-control': 'max-age=0',
        'sec-ch-ua': '"Not.A/Brand";v="8", "Chromium";v="114", "Google Chrome";v="114"',
        'sec-ch-ua-mobile': '?0',
        'sec-ch-ua-platform': '"Windows"',
        dnt: '1',
        'upgrade-insecure-requests': '1',
        'user-agent': 'Mozilla/5.0 (Windows NT 10.0; Win64; x64) AppleWebKit/537.36 (KHTML, like Gecko) Chrome/114.0.0.0 Safari/537.36',
        accept: 'text/html,application/xhtml+xml,application/xml;q=0.9,image/avif,image/webp,image/apng,*/*;q=0.8,application/signed-exchange;v=b3;q=0.7',
        'sec-fetch-site': 'none',
        'sec-fetch-mode': 'navigate',
        'sec-fetch-user': '?1',
        'sec-fetch-dest': 'document',
        'accept-encoding': 'gzip, deflate, br',
        'accept-language': 'en-GB,en;q=0.9,en-US;q=0.8,hi;q=0.7',
        cookie: '__stripe_mid=a80f8287-97fb-4f16-a083-9bc87ae405dca007e7',
        'if-none-match': 'W/"d-esFQYRnWYNusohXXSwdo4jjdxvo"'
      },
      method: 'GET',
      httpVersion: '1.1',
      originalUrl: '/reports?token=123',
      query: { token: '123' }
    },
    res: { statusCode: 304 },
    responseTime: 0
  },
  level: 'info',
  message: 'HTTP GET /reports?token=123'
}
{
  meta: {
    req: {
      url: '/reports?token=123',
      headers: {
        host: 'localhost:8000',
        connection: 'keep-alive',
        'cache-control': 'max-age=0',
        'sec-ch-ua': '"Not.A/Brand";v="8", "Chromium";v="114", "Google Chrome";v="114"',
        'sec-ch-ua-mobile': '?0',
        'sec-ch-ua-platform': '"Windows"',
        dnt: '1',
        'upgrade-insecure-requests': '1',
        'user-agent': 'Mozilla/5.0 (Windows NT 10.0; Win64; x64) AppleWebKit/537.36 (KHTML, like Gecko) Chrome/114.0.0.0 Safari/537.36',
        accept: 'text/html,application/xhtml+xml,application/xml;q=0.9,image/avif,image/webp,image/apng,*/*;q=0.8,application/signed-exchange;v=b3;q=0.7',
        'sec-fetch-site': 'none',
        'sec-fetch-mode': 'navigate',
        'sec-fetch-user': '?1',
        'sec-fetch-dest': 'document',
        'accept-encoding': 'gzip, deflate, br',
        'accept-language': 'en-GB,en;q=0.9,en-US;q=0.8,hi;q=0.7',
        cookie: '__stripe_mid=a80f8287-97fb-4f16-a083-9bc87ae405dca007e7',
        'if-none-match': 'W/"d-esFQYRnWYNusohXXSwdo4jjdxvo"'
      },
      method: 'GET',
      httpVersion: '1.1',
      originalUrl: '/reports?token=123',
      query: { token: '123' }
    },
    res: { statusCode: 304 },
    responseTime: 0
  },
  level: 'info',
  message: 'HTTP GET /reports?token=123'
}
